<?xml version="1.0" encoding="UTF-8"?>
<!-- Generated by org.testng.reporters.JUnitReportReporter -->
<testsuite hostname="HISPLs-Mac-mini.local" failures="0" tests="1" name="testCases.DemoTest" time="4.571" errors="0" timestamp="2024-06-15T11:38:09 IST" skipped="0">
  <testcase classname="testCases.DemoTest" name="testDropDown" time="4.571"/>
</testsuite> <!-- testCases.DemoTest -->
