<?xml version="1.0" encoding="UTF-8"?>
<!-- Generated by org.testng.reporters.JUnitReportReporter -->
<testsuite hostname="HISPLs-Mac-mini.local" failures="0" tests="1" name="baseSetUp.BaseClass" time="27.227" errors="0" timestamp="2024-06-14T10:27:35 IST" skipped="0">
  <testcase classname="baseSetUp.BaseClass" name="setUp" time="27.227"/>
</testsuite> <!-- baseSetUp.BaseClass -->
