<?xml version="1.0" encoding="UTF-8"?>
<!-- Generated by org.testng.reporters.JUnitReportReporter -->
<testsuite hostname="HISPLs-Mac-mini.local" failures="0" tests="1" name="testCases.DemoTest" time="4.700" errors="0" timestamp="2024-06-17T12:34:17 IST" skipped="0">
  <testcase classname="testCases.DemoTest" name="testSlider" time="4.700"/>
</testsuite> <!-- testCases.DemoTest -->
