<?xml version="1.0" encoding="UTF-8"?>
<!-- Generated by org.testng.reporters.JUnitReportReporter -->
<testsuite hostname="HISPLs-Mac-mini.local" failures="0" tests="1" name="baseSetUp.BaseClass" time="6.697" errors="0" timestamp="2024-06-12T15:43:23 IST" skipped="0">
  <testcase classname="baseSetUp.BaseClass" name="setUp" time="6.697"/>
</testsuite> <!-- baseSetUp.BaseClass -->
