<?xml version="1.0" encoding="UTF-8"?>
<!-- Generated by org.testng.reporters.JUnitReportReporter -->
<testsuite hostname="HISPLs-Mac-mini.local" failures="0" tests="1" name="testCases.SwappingiOS" time="5.715" errors="0" timestamp="2024-06-17T14:47:57 IST" skipped="0">
  <testcase classname="testCases.SwappingiOS" name="swappingTest" time="5.715"/>
</testsuite> <!-- testCases.SwappingiOS -->
